Grammar

    0 $accept: Program $end

    1 Program: ExtDefList

    2 ExtDefList: ExtDef ExtDefList
    3           | %empty

    4 ExtDef: Specifier ExtDecList SEMI
    5       | Specifier SEMI
    6       | Specifier FunDec CompSt
    7       | error SEMI

    8 ExtDecList: VarDec
    9           | VarDec COMMA ExtDecList

   10 Specifier: TYPE
   11          | StructSpecifier

   12 StructSpecifier: STRUCT OptTag LC DefList RC
   13                | STRUCT Tag

   14 OptTag: ID
   15       | %empty

   16 Tag: ID

   17 VarDec: ID
   18       | VarDec LB INT RB

   19 FunDec: ID LP VarList RP
   20       | ID LP RP
   21       | error RP

   22 VarList: ParamDec COMMA VarList
   23        | ParamDec

   24 ParamDec: Specifier VarDec

   25 CompSt: LC DefList StmtList RC

   26 StmtList: Stmt StmtList
   27         | %empty

   28 Stmt: Exp SEMI
   29     | CompSt
   30     | RETURN Exp SEMI
   31     | IF LP Exp RP Stmt
   32     | IF LP Exp RP Stmt ELSE Stmt
   33     | WHILE LP Exp RP Stmt
   34     | error SEMI

   35 DefList: Def DefList
   36        | %empty

   37 Def: Specifier DecList SEMI
   38    | Specifier error SEMI

   39 DecList: Dec
   40        | Dec COMMA DecList

   41 Dec: VarDec
   42    | VarDec ASSIGNOP Exp
   43    | VarDec error Exp

   44 Exp: Exp ASSIGNOP Exp
   45    | Exp AND Exp
   46    | Exp OR Exp
   47    | Exp RELOP Exp
   48    | Exp PLUS Exp
   49    | Exp MINUS Exp
   50    | Exp STAR Exp
   51    | Exp DIV Exp
   52    | LP Exp RP
   53    | MINUS Exp
   54    | NOT Exp
   55    | ID LP Args RP
   56    | ID LP RP
   57    | Exp LB Exp RB
   58    | Exp DOT ID
   59    | ID
   60    | INT
   61    | FLOAT
   62    | LP error RP
   63    | Exp LB error RB
   64    | error DOT ID

   65 Args: Exp COMMA Args
   66     | Exp


Terminals, with rules where they appear

$end (0) 0
error (256) 7 21 34 38 43 62 63 64
INT (258) 18 60
FLOAT (259) 61
ID (260) 14 16 17 19 20 55 56 58 59 64
TYPE (261) 10
SEMI (262) 4 5 7 28 30 34 37 38
COMMA (263) 9 22 40 65
ASSIGNOP (264) 42 44
RELOP (265) 47
PLUS (266) 48
MINUS (267) 49 53
STAR (268) 50
DIV (269) 51
AND (270) 45
OR (271) 46
DOT (272) 58 64
NOT (273) 54
LP (274) 19 20 31 32 33 52 55 56 62
RP (275) 19 20 21 31 32 33 52 55 56 62
LB (276) 18 57 63
RB (277) 18 57 63
LC (278) 12 25
RC (279) 12 25
STRUCT (280) 12 13
RETURN (281) 30
IF (282) 31 32
ELSE (283) 32
WHILE (284) 33


Nonterminals, with rules where they appear

$accept (30)
    on left: 0
Program (31)
    on left: 1, on right: 0
ExtDefList (32)
    on left: 2 3, on right: 1 2
ExtDef (33)
    on left: 4 5 6 7, on right: 2
ExtDecList (34)
    on left: 8 9, on right: 4 9
Specifier (35)
    on left: 10 11, on right: 4 5 6 24 37 38
StructSpecifier (36)
    on left: 12 13, on right: 11
OptTag (37)
    on left: 14 15, on right: 12
Tag (38)
    on left: 16, on right: 13
VarDec (39)
    on left: 17 18, on right: 8 9 18 24 41 42 43
FunDec (40)
    on left: 19 20 21, on right: 6
VarList (41)
    on left: 22 23, on right: 19 22
ParamDec (42)
    on left: 24, on right: 22 23
CompSt (43)
    on left: 25, on right: 6 29
StmtList (44)
    on left: 26 27, on right: 25 26
Stmt (45)
    on left: 28 29 30 31 32 33 34, on right: 26 31 32 33
DefList (46)
    on left: 35 36, on right: 12 25 35
Def (47)
    on left: 37 38, on right: 35
DecList (48)
    on left: 39 40, on right: 37 40
Dec (49)
    on left: 41 42 43, on right: 39 40
Exp (50)
    on left: 44 45 46 47 48 49 50 51 52 53 54 55 56 57 58 59 60 61
    62 63 64, on right: 28 30 31 32 33 42 43 44 45 46 47 48 49 50 51
    52 53 54 57 58 63 65 66
Args (51)
    on left: 65 66, on right: 55 65


State 0

    0 $accept: . Program $end

    error   shift, and go to state 1
    TYPE    shift, and go to state 2
    STRUCT  shift, and go to state 3

    $end  reduce using rule 3 (ExtDefList)

    Program          go to state 4
    ExtDefList       go to state 5
    ExtDef           go to state 6
    Specifier        go to state 7
    StructSpecifier  go to state 8


State 1

    7 ExtDef: error . SEMI

    SEMI  shift, and go to state 9


State 2

   10 Specifier: TYPE .

    $default  reduce using rule 10 (Specifier)


State 3

   12 StructSpecifier: STRUCT . OptTag LC DefList RC
   13                | STRUCT . Tag

    ID  shift, and go to state 10

    $default  reduce using rule 15 (OptTag)

    OptTag  go to state 11
    Tag     go to state 12


State 4

    0 $accept: Program . $end

    $end  shift, and go to state 13


State 5

    1 Program: ExtDefList .

    $default  reduce using rule 1 (Program)


State 6

    2 ExtDefList: ExtDef . ExtDefList

    error   shift, and go to state 1
    TYPE    shift, and go to state 2
    STRUCT  shift, and go to state 3

    $end  reduce using rule 3 (ExtDefList)

    ExtDefList       go to state 14
    ExtDef           go to state 6
    Specifier        go to state 7
    StructSpecifier  go to state 8


State 7

    4 ExtDef: Specifier . ExtDecList SEMI
    5       | Specifier . SEMI
    6       | Specifier . FunDec CompSt

    error  shift, and go to state 15
    ID     shift, and go to state 16
    SEMI   shift, and go to state 17

    ExtDecList  go to state 18
    VarDec      go to state 19
    FunDec      go to state 20


State 8

   11 Specifier: StructSpecifier .

    $default  reduce using rule 11 (Specifier)


State 9

    7 ExtDef: error SEMI .

    $default  reduce using rule 7 (ExtDef)


State 10

   14 OptTag: ID .
   16 Tag: ID .

    LC        reduce using rule 14 (OptTag)
    $default  reduce using rule 16 (Tag)


State 11

   12 StructSpecifier: STRUCT OptTag . LC DefList RC

    LC  shift, and go to state 21


State 12

   13 StructSpecifier: STRUCT Tag .

    $default  reduce using rule 13 (StructSpecifier)


State 13

    0 $accept: Program $end .

    $default  accept


State 14

    2 ExtDefList: ExtDef ExtDefList .

    $default  reduce using rule 2 (ExtDefList)


State 15

   21 FunDec: error . RP

    RP  shift, and go to state 22


State 16

   17 VarDec: ID .
   19 FunDec: ID . LP VarList RP
   20       | ID . LP RP

    LP  shift, and go to state 23

    $default  reduce using rule 17 (VarDec)


State 17

    5 ExtDef: Specifier SEMI .

    $default  reduce using rule 5 (ExtDef)


State 18

    4 ExtDef: Specifier ExtDecList . SEMI

    SEMI  shift, and go to state 24


State 19

    8 ExtDecList: VarDec .
    9           | VarDec . COMMA ExtDecList
   18 VarDec: VarDec . LB INT RB

    COMMA  shift, and go to state 25
    LB     shift, and go to state 26

    $default  reduce using rule 8 (ExtDecList)


State 20

    6 ExtDef: Specifier FunDec . CompSt

    LC  shift, and go to state 27

    CompSt  go to state 28


State 21

   12 StructSpecifier: STRUCT OptTag LC . DefList RC

    TYPE    shift, and go to state 2
    STRUCT  shift, and go to state 3

    $default  reduce using rule 36 (DefList)

    Specifier        go to state 29
    StructSpecifier  go to state 8
    DefList          go to state 30
    Def              go to state 31


State 22

   21 FunDec: error RP .

    $default  reduce using rule 21 (FunDec)


State 23

   19 FunDec: ID LP . VarList RP
   20       | ID LP . RP

    TYPE    shift, and go to state 2
    RP      shift, and go to state 32
    STRUCT  shift, and go to state 3

    Specifier        go to state 33
    StructSpecifier  go to state 8
    VarList          go to state 34
    ParamDec         go to state 35


State 24

    4 ExtDef: Specifier ExtDecList SEMI .

    $default  reduce using rule 4 (ExtDef)


State 25

    9 ExtDecList: VarDec COMMA . ExtDecList

    ID  shift, and go to state 36

    ExtDecList  go to state 37
    VarDec      go to state 19


State 26

   18 VarDec: VarDec LB . INT RB

    INT  shift, and go to state 38


State 27

   25 CompSt: LC . DefList StmtList RC

    TYPE    shift, and go to state 2
    STRUCT  shift, and go to state 3

    $default  reduce using rule 36 (DefList)

    Specifier        go to state 29
    StructSpecifier  go to state 8
    DefList          go to state 39
    Def              go to state 31


State 28

    6 ExtDef: Specifier FunDec CompSt .

    $default  reduce using rule 6 (ExtDef)


State 29

   37 Def: Specifier . DecList SEMI
   38    | Specifier . error SEMI

    error  shift, and go to state 40
    ID     shift, and go to state 36

    VarDec   go to state 41
    DecList  go to state 42
    Dec      go to state 43


State 30

   12 StructSpecifier: STRUCT OptTag LC DefList . RC

    RC  shift, and go to state 44


State 31

   35 DefList: Def . DefList

    TYPE    shift, and go to state 2
    STRUCT  shift, and go to state 3

    $default  reduce using rule 36 (DefList)

    Specifier        go to state 29
    StructSpecifier  go to state 8
    DefList          go to state 45
    Def              go to state 31


State 32

   20 FunDec: ID LP RP .

    $default  reduce using rule 20 (FunDec)


State 33

   24 ParamDec: Specifier . VarDec

    ID  shift, and go to state 36

    VarDec  go to state 46


State 34

   19 FunDec: ID LP VarList . RP

    RP  shift, and go to state 47


State 35

   22 VarList: ParamDec . COMMA VarList
   23        | ParamDec .

    COMMA  shift, and go to state 48

    $default  reduce using rule 23 (VarList)


State 36

   17 VarDec: ID .

    $default  reduce using rule 17 (VarDec)


State 37

    9 ExtDecList: VarDec COMMA ExtDecList .

    $default  reduce using rule 9 (ExtDecList)


State 38

   18 VarDec: VarDec LB INT . RB

    RB  shift, and go to state 49


State 39

   25 CompSt: LC DefList . StmtList RC

    error   shift, and go to state 50
    INT     shift, and go to state 51
    FLOAT   shift, and go to state 52
    ID      shift, and go to state 53
    MINUS   shift, and go to state 54
    NOT     shift, and go to state 55
    LP      shift, and go to state 56
    LC      shift, and go to state 27
    RETURN  shift, and go to state 57
    IF      shift, and go to state 58
    WHILE   shift, and go to state 59

    RC  reduce using rule 27 (StmtList)

    CompSt    go to state 60
    StmtList  go to state 61
    Stmt      go to state 62
    Exp       go to state 63


State 40

   38 Def: Specifier error . SEMI

    SEMI  shift, and go to state 64


State 41

   18 VarDec: VarDec . LB INT RB
   41 Dec: VarDec .
   42    | VarDec . ASSIGNOP Exp
   43    | VarDec . error Exp

    error     shift, and go to state 65
    ASSIGNOP  shift, and go to state 66
    LB        shift, and go to state 26

    SEMI   reduce using rule 41 (Dec)
    COMMA  reduce using rule 41 (Dec)


State 42

   37 Def: Specifier DecList . SEMI

    SEMI  shift, and go to state 67


State 43

   39 DecList: Dec .
   40        | Dec . COMMA DecList

    COMMA  shift, and go to state 68

    $default  reduce using rule 39 (DecList)


State 44

   12 StructSpecifier: STRUCT OptTag LC DefList RC .

    $default  reduce using rule 12 (StructSpecifier)


State 45

   35 DefList: Def DefList .

    $default  reduce using rule 35 (DefList)


State 46

   18 VarDec: VarDec . LB INT RB
   24 ParamDec: Specifier VarDec .

    LB  shift, and go to state 26

    $default  reduce using rule 24 (ParamDec)


State 47

   19 FunDec: ID LP VarList RP .

    $default  reduce using rule 19 (FunDec)


State 48

   22 VarList: ParamDec COMMA . VarList

    TYPE    shift, and go to state 2
    STRUCT  shift, and go to state 3

    Specifier        go to state 33
    StructSpecifier  go to state 8
    VarList          go to state 69
    ParamDec         go to state 35


State 49

   18 VarDec: VarDec LB INT RB .

    $default  reduce using rule 18 (VarDec)


State 50

   34 Stmt: error . SEMI
   64 Exp: error . DOT ID

    SEMI  shift, and go to state 70
    DOT   shift, and go to state 71


State 51

   60 Exp: INT .

    $default  reduce using rule 60 (Exp)


State 52

   61 Exp: FLOAT .

    $default  reduce using rule 61 (Exp)


State 53

   55 Exp: ID . LP Args RP
   56    | ID . LP RP
   59    | ID .

    LP  shift, and go to state 72

    $default  reduce using rule 59 (Exp)


State 54

   53 Exp: MINUS . Exp

    error  shift, and go to state 73
    INT    shift, and go to state 51
    FLOAT  shift, and go to state 52
    ID     shift, and go to state 53
    MINUS  shift, and go to state 54
    NOT    shift, and go to state 55
    LP     shift, and go to state 56

    Exp  go to state 74


State 55

   54 Exp: NOT . Exp

    error  shift, and go to state 73
    INT    shift, and go to state 51
    FLOAT  shift, and go to state 52
    ID     shift, and go to state 53
    MINUS  shift, and go to state 54
    NOT    shift, and go to state 55
    LP     shift, and go to state 56

    Exp  go to state 75


State 56

   52 Exp: LP . Exp RP
   62    | LP . error RP

    error  shift, and go to state 76
    INT    shift, and go to state 51
    FLOAT  shift, and go to state 52
    ID     shift, and go to state 53
    MINUS  shift, and go to state 54
    NOT    shift, and go to state 55
    LP     shift, and go to state 56

    Exp  go to state 77


State 57

   30 Stmt: RETURN . Exp SEMI

    error  shift, and go to state 73
    INT    shift, and go to state 51
    FLOAT  shift, and go to state 52
    ID     shift, and go to state 53
    MINUS  shift, and go to state 54
    NOT    shift, and go to state 55
    LP     shift, and go to state 56

    Exp  go to state 78


State 58

   31 Stmt: IF . LP Exp RP Stmt
   32     | IF . LP Exp RP Stmt ELSE Stmt

    LP  shift, and go to state 79


State 59

   33 Stmt: WHILE . LP Exp RP Stmt

    LP  shift, and go to state 80


State 60

   29 Stmt: CompSt .

    $default  reduce using rule 29 (Stmt)


State 61

   25 CompSt: LC DefList StmtList . RC

    RC  shift, and go to state 81


State 62

   26 StmtList: Stmt . StmtList

    error   shift, and go to state 50
    INT     shift, and go to state 51
    FLOAT   shift, and go to state 52
    ID      shift, and go to state 53
    MINUS   shift, and go to state 54
    NOT     shift, and go to state 55
    LP      shift, and go to state 56
    LC      shift, and go to state 27
    RETURN  shift, and go to state 57
    IF      shift, and go to state 58
    WHILE   shift, and go to state 59

    RC  reduce using rule 27 (StmtList)

    CompSt    go to state 60
    StmtList  go to state 82
    Stmt      go to state 62
    Exp       go to state 63


State 63

   28 Stmt: Exp . SEMI
   44 Exp: Exp . ASSIGNOP Exp
   45    | Exp . AND Exp
   46    | Exp . OR Exp
   47    | Exp . RELOP Exp
   48    | Exp . PLUS Exp
   49    | Exp . MINUS Exp
   50    | Exp . STAR Exp
   51    | Exp . DIV Exp
   57    | Exp . LB Exp RB
   58    | Exp . DOT ID
   63    | Exp . LB error RB

    SEMI      shift, and go to state 83
    ASSIGNOP  shift, and go to state 84
    RELOP     shift, and go to state 85
    PLUS      shift, and go to state 86
    MINUS     shift, and go to state 87
    STAR      shift, and go to state 88
    DIV       shift, and go to state 89
    AND       shift, and go to state 90
    OR        shift, and go to state 91
    DOT       shift, and go to state 92
    LB        shift, and go to state 93


State 64

   38 Def: Specifier error SEMI .

    $default  reduce using rule 38 (Def)


State 65

   43 Dec: VarDec error . Exp

    error  shift, and go to state 73
    INT    shift, and go to state 51
    FLOAT  shift, and go to state 52
    ID     shift, and go to state 53
    MINUS  shift, and go to state 54
    NOT    shift, and go to state 55
    LP     shift, and go to state 56

    Exp  go to state 94


State 66

   42 Dec: VarDec ASSIGNOP . Exp

    error  shift, and go to state 73
    INT    shift, and go to state 51
    FLOAT  shift, and go to state 52
    ID     shift, and go to state 53
    MINUS  shift, and go to state 54
    NOT    shift, and go to state 55
    LP     shift, and go to state 56

    Exp  go to state 95


State 67

   37 Def: Specifier DecList SEMI .

    $default  reduce using rule 37 (Def)


State 68

   40 DecList: Dec COMMA . DecList

    ID  shift, and go to state 36

    VarDec   go to state 41
    DecList  go to state 96
    Dec      go to state 43


State 69

   22 VarList: ParamDec COMMA VarList .

    $default  reduce using rule 22 (VarList)


State 70

   34 Stmt: error SEMI .

    $default  reduce using rule 34 (Stmt)


State 71

   64 Exp: error DOT . ID

    ID  shift, and go to state 97


State 72

   55 Exp: ID LP . Args RP
   56    | ID LP . RP

    error  shift, and go to state 73
    INT    shift, and go to state 51
    FLOAT  shift, and go to state 52
    ID     shift, and go to state 53
    MINUS  shift, and go to state 54
    NOT    shift, and go to state 55
    LP     shift, and go to state 56
    RP     shift, and go to state 98

    Exp   go to state 99
    Args  go to state 100


State 73

   64 Exp: error . DOT ID

    DOT  shift, and go to state 71


State 74

   44 Exp: Exp . ASSIGNOP Exp
   45    | Exp . AND Exp
   46    | Exp . OR Exp
   47    | Exp . RELOP Exp
   48    | Exp . PLUS Exp
   49    | Exp . MINUS Exp
   50    | Exp . STAR Exp
   51    | Exp . DIV Exp
   53    | MINUS Exp .
   57    | Exp . LB Exp RB
   58    | Exp . DOT ID
   63    | Exp . LB error RB

    $default  reduce using rule 53 (Exp)


State 75

   44 Exp: Exp . ASSIGNOP Exp
   45    | Exp . AND Exp
   46    | Exp . OR Exp
   47    | Exp . RELOP Exp
   48    | Exp . PLUS Exp
   49    | Exp . MINUS Exp
   50    | Exp . STAR Exp
   51    | Exp . DIV Exp
   54    | NOT Exp .
   57    | Exp . LB Exp RB
   58    | Exp . DOT ID
   63    | Exp . LB error RB

    ASSIGNOP  shift, and go to state 84
    RELOP     shift, and go to state 85
    PLUS      shift, and go to state 86
    MINUS     shift, and go to state 87
    STAR      shift, and go to state 88
    DIV       shift, and go to state 89
    AND       shift, and go to state 90
    OR        shift, and go to state 91
    DOT       shift, and go to state 92
    LB        shift, and go to state 93

    $default  reduce using rule 54 (Exp)


State 76

   62 Exp: LP error . RP
   64    | error . DOT ID

    DOT  shift, and go to state 71
    RP   shift, and go to state 101


State 77

   44 Exp: Exp . ASSIGNOP Exp
   45    | Exp . AND Exp
   46    | Exp . OR Exp
   47    | Exp . RELOP Exp
   48    | Exp . PLUS Exp
   49    | Exp . MINUS Exp
   50    | Exp . STAR Exp
   51    | Exp . DIV Exp
   52    | LP Exp . RP
   57    | Exp . LB Exp RB
   58    | Exp . DOT ID
   63    | Exp . LB error RB

    ASSIGNOP  shift, and go to state 84
    RELOP     shift, and go to state 85
    PLUS      shift, and go to state 86
    MINUS     shift, and go to state 87
    STAR      shift, and go to state 88
    DIV       shift, and go to state 89
    AND       shift, and go to state 90
    OR        shift, and go to state 91
    DOT       shift, and go to state 92
    RP        shift, and go to state 102
    LB        shift, and go to state 93


State 78

   30 Stmt: RETURN Exp . SEMI
   44 Exp: Exp . ASSIGNOP Exp
   45    | Exp . AND Exp
   46    | Exp . OR Exp
   47    | Exp . RELOP Exp
   48    | Exp . PLUS Exp
   49    | Exp . MINUS Exp
   50    | Exp . STAR Exp
   51    | Exp . DIV Exp
   57    | Exp . LB Exp RB
   58    | Exp . DOT ID
   63    | Exp . LB error RB

    SEMI      shift, and go to state 103
    ASSIGNOP  shift, and go to state 84
    RELOP     shift, and go to state 85
    PLUS      shift, and go to state 86
    MINUS     shift, and go to state 87
    STAR      shift, and go to state 88
    DIV       shift, and go to state 89
    AND       shift, and go to state 90
    OR        shift, and go to state 91
    DOT       shift, and go to state 92
    LB        shift, and go to state 93


State 79

   31 Stmt: IF LP . Exp RP Stmt
   32     | IF LP . Exp RP Stmt ELSE Stmt

    error  shift, and go to state 73
    INT    shift, and go to state 51
    FLOAT  shift, and go to state 52
    ID     shift, and go to state 53
    MINUS  shift, and go to state 54
    NOT    shift, and go to state 55
    LP     shift, and go to state 56

    Exp  go to state 104


State 80

   33 Stmt: WHILE LP . Exp RP Stmt

    error  shift, and go to state 73
    INT    shift, and go to state 51
    FLOAT  shift, and go to state 52
    ID     shift, and go to state 53
    MINUS  shift, and go to state 54
    NOT    shift, and go to state 55
    LP     shift, and go to state 56

    Exp  go to state 105


State 81

   25 CompSt: LC DefList StmtList RC .

    $default  reduce using rule 25 (CompSt)


State 82

   26 StmtList: Stmt StmtList .

    $default  reduce using rule 26 (StmtList)


State 83

   28 Stmt: Exp SEMI .

    $default  reduce using rule 28 (Stmt)


State 84

   44 Exp: Exp ASSIGNOP . Exp

    error  shift, and go to state 73
    INT    shift, and go to state 51
    FLOAT  shift, and go to state 52
    ID     shift, and go to state 53
    MINUS  shift, and go to state 54
    NOT    shift, and go to state 55
    LP     shift, and go to state 56

    Exp  go to state 106


State 85

   47 Exp: Exp RELOP . Exp

    error  shift, and go to state 73
    INT    shift, and go to state 51
    FLOAT  shift, and go to state 52
    ID     shift, and go to state 53
    MINUS  shift, and go to state 54
    NOT    shift, and go to state 55
    LP     shift, and go to state 56

    Exp  go to state 107


State 86

   48 Exp: Exp PLUS . Exp

    error  shift, and go to state 73
    INT    shift, and go to state 51
    FLOAT  shift, and go to state 52
    ID     shift, and go to state 53
    MINUS  shift, and go to state 54
    NOT    shift, and go to state 55
    LP     shift, and go to state 56

    Exp  go to state 108


State 87

   49 Exp: Exp MINUS . Exp

    error  shift, and go to state 73
    INT    shift, and go to state 51
    FLOAT  shift, and go to state 52
    ID     shift, and go to state 53
    MINUS  shift, and go to state 54
    NOT    shift, and go to state 55
    LP     shift, and go to state 56

    Exp  go to state 109


State 88

   50 Exp: Exp STAR . Exp

    error  shift, and go to state 73
    INT    shift, and go to state 51
    FLOAT  shift, and go to state 52
    ID     shift, and go to state 53
    MINUS  shift, and go to state 54
    NOT    shift, and go to state 55
    LP     shift, and go to state 56

    Exp  go to state 110


State 89

   51 Exp: Exp DIV . Exp

    error  shift, and go to state 73
    INT    shift, and go to state 51
    FLOAT  shift, and go to state 52
    ID     shift, and go to state 53
    MINUS  shift, and go to state 54
    NOT    shift, and go to state 55
    LP     shift, and go to state 56

    Exp  go to state 111


State 90

   45 Exp: Exp AND . Exp

    error  shift, and go to state 73
    INT    shift, and go to state 51
    FLOAT  shift, and go to state 52
    ID     shift, and go to state 53
    MINUS  shift, and go to state 54
    NOT    shift, and go to state 55
    LP     shift, and go to state 56

    Exp  go to state 112


State 91

   46 Exp: Exp OR . Exp

    error  shift, and go to state 73
    INT    shift, and go to state 51
    FLOAT  shift, and go to state 52
    ID     shift, and go to state 53
    MINUS  shift, and go to state 54
    NOT    shift, and go to state 55
    LP     shift, and go to state 56

    Exp  go to state 113


State 92

   58 Exp: Exp DOT . ID

    ID  shift, and go to state 114


State 93

   57 Exp: Exp LB . Exp RB
   63    | Exp LB . error RB

    error  shift, and go to state 115
    INT    shift, and go to state 51
    FLOAT  shift, and go to state 52
    ID     shift, and go to state 53
    MINUS  shift, and go to state 54
    NOT    shift, and go to state 55
    LP     shift, and go to state 56

    Exp  go to state 116


State 94

   43 Dec: VarDec error Exp .
   44 Exp: Exp . ASSIGNOP Exp
   45    | Exp . AND Exp
   46    | Exp . OR Exp
   47    | Exp . RELOP Exp
   48    | Exp . PLUS Exp
   49    | Exp . MINUS Exp
   50    | Exp . STAR Exp
   51    | Exp . DIV Exp
   57    | Exp . LB Exp RB
   58    | Exp . DOT ID
   63    | Exp . LB error RB

    ASSIGNOP  shift, and go to state 84
    RELOP     shift, and go to state 85
    PLUS      shift, and go to state 86
    MINUS     shift, and go to state 87
    STAR      shift, and go to state 88
    DIV       shift, and go to state 89
    AND       shift, and go to state 90
    OR        shift, and go to state 91
    DOT       shift, and go to state 92
    LB        shift, and go to state 93

    $default  reduce using rule 43 (Dec)


State 95

   42 Dec: VarDec ASSIGNOP Exp .
   44 Exp: Exp . ASSIGNOP Exp
   45    | Exp . AND Exp
   46    | Exp . OR Exp
   47    | Exp . RELOP Exp
   48    | Exp . PLUS Exp
   49    | Exp . MINUS Exp
   50    | Exp . STAR Exp
   51    | Exp . DIV Exp
   57    | Exp . LB Exp RB
   58    | Exp . DOT ID
   63    | Exp . LB error RB

    ASSIGNOP  shift, and go to state 84
    RELOP     shift, and go to state 85
    PLUS      shift, and go to state 86
    MINUS     shift, and go to state 87
    STAR      shift, and go to state 88
    DIV       shift, and go to state 89
    AND       shift, and go to state 90
    OR        shift, and go to state 91
    DOT       shift, and go to state 92
    LB        shift, and go to state 93

    $default  reduce using rule 42 (Dec)


State 96

   40 DecList: Dec COMMA DecList .

    $default  reduce using rule 40 (DecList)


State 97

   64 Exp: error DOT ID .

    $default  reduce using rule 64 (Exp)


State 98

   56 Exp: ID LP RP .

    $default  reduce using rule 56 (Exp)


State 99

   44 Exp: Exp . ASSIGNOP Exp
   45    | Exp . AND Exp
   46    | Exp . OR Exp
   47    | Exp . RELOP Exp
   48    | Exp . PLUS Exp
   49    | Exp . MINUS Exp
   50    | Exp . STAR Exp
   51    | Exp . DIV Exp
   57    | Exp . LB Exp RB
   58    | Exp . DOT ID
   63    | Exp . LB error RB
   65 Args: Exp . COMMA Args
   66     | Exp .

    COMMA     shift, and go to state 117
    ASSIGNOP  shift, and go to state 84
    RELOP     shift, and go to state 85
    PLUS      shift, and go to state 86
    MINUS     shift, and go to state 87
    STAR      shift, and go to state 88
    DIV       shift, and go to state 89
    AND       shift, and go to state 90
    OR        shift, and go to state 91
    DOT       shift, and go to state 92
    LB        shift, and go to state 93

    $default  reduce using rule 66 (Args)


State 100

   55 Exp: ID LP Args . RP

    RP  shift, and go to state 118


State 101

   62 Exp: LP error RP .

    $default  reduce using rule 62 (Exp)


State 102

   52 Exp: LP Exp RP .

    $default  reduce using rule 52 (Exp)


State 103

   30 Stmt: RETURN Exp SEMI .

    $default  reduce using rule 30 (Stmt)


State 104

   31 Stmt: IF LP Exp . RP Stmt
   32     | IF LP Exp . RP Stmt ELSE Stmt
   44 Exp: Exp . ASSIGNOP Exp
   45    | Exp . AND Exp
   46    | Exp . OR Exp
   47    | Exp . RELOP Exp
   48    | Exp . PLUS Exp
   49    | Exp . MINUS Exp
   50    | Exp . STAR Exp
   51    | Exp . DIV Exp
   57    | Exp . LB Exp RB
   58    | Exp . DOT ID
   63    | Exp . LB error RB

    ASSIGNOP  shift, and go to state 84
    RELOP     shift, and go to state 85
    PLUS      shift, and go to state 86
    MINUS     shift, and go to state 87
    STAR      shift, and go to state 88
    DIV       shift, and go to state 89
    AND       shift, and go to state 90
    OR        shift, and go to state 91
    DOT       shift, and go to state 92
    RP        shift, and go to state 119
    LB        shift, and go to state 93


State 105

   33 Stmt: WHILE LP Exp . RP Stmt
   44 Exp: Exp . ASSIGNOP Exp
   45    | Exp . AND Exp
   46    | Exp . OR Exp
   47    | Exp . RELOP Exp
   48    | Exp . PLUS Exp
   49    | Exp . MINUS Exp
   50    | Exp . STAR Exp
   51    | Exp . DIV Exp
   57    | Exp . LB Exp RB
   58    | Exp . DOT ID
   63    | Exp . LB error RB

    ASSIGNOP  shift, and go to state 84
    RELOP     shift, and go to state 85
    PLUS      shift, and go to state 86
    MINUS     shift, and go to state 87
    STAR      shift, and go to state 88
    DIV       shift, and go to state 89
    AND       shift, and go to state 90
    OR        shift, and go to state 91
    DOT       shift, and go to state 92
    RP        shift, and go to state 120
    LB        shift, and go to state 93


State 106

   44 Exp: Exp . ASSIGNOP Exp
   44    | Exp ASSIGNOP Exp .
   45    | Exp . AND Exp
   46    | Exp . OR Exp
   47    | Exp . RELOP Exp
   48    | Exp . PLUS Exp
   49    | Exp . MINUS Exp
   50    | Exp . STAR Exp
   51    | Exp . DIV Exp
   57    | Exp . LB Exp RB
   58    | Exp . DOT ID
   63    | Exp . LB error RB

    ASSIGNOP  shift, and go to state 84
    RELOP     shift, and go to state 85
    PLUS      shift, and go to state 86
    MINUS     shift, and go to state 87
    STAR      shift, and go to state 88
    DIV       shift, and go to state 89
    AND       shift, and go to state 90
    OR        shift, and go to state 91
    DOT       shift, and go to state 92
    LB        shift, and go to state 93

    $default  reduce using rule 44 (Exp)


State 107

   44 Exp: Exp . ASSIGNOP Exp
   45    | Exp . AND Exp
   46    | Exp . OR Exp
   47    | Exp . RELOP Exp
   47    | Exp RELOP Exp .
   48    | Exp . PLUS Exp
   49    | Exp . MINUS Exp
   50    | Exp . STAR Exp
   51    | Exp . DIV Exp
   57    | Exp . LB Exp RB
   58    | Exp . DOT ID
   63    | Exp . LB error RB

    $default  reduce using rule 47 (Exp)


State 108

   44 Exp: Exp . ASSIGNOP Exp
   45    | Exp . AND Exp
   46    | Exp . OR Exp
   47    | Exp . RELOP Exp
   48    | Exp . PLUS Exp
   48    | Exp PLUS Exp .
   49    | Exp . MINUS Exp
   50    | Exp . STAR Exp
   51    | Exp . DIV Exp
   57    | Exp . LB Exp RB
   58    | Exp . DOT ID
   63    | Exp . LB error RB

    $default  reduce using rule 48 (Exp)


State 109

   44 Exp: Exp . ASSIGNOP Exp
   45    | Exp . AND Exp
   46    | Exp . OR Exp
   47    | Exp . RELOP Exp
   48    | Exp . PLUS Exp
   49    | Exp . MINUS Exp
   49    | Exp MINUS Exp .
   50    | Exp . STAR Exp
   51    | Exp . DIV Exp
   57    | Exp . LB Exp RB
   58    | Exp . DOT ID
   63    | Exp . LB error RB

    $default  reduce using rule 49 (Exp)


State 110

   44 Exp: Exp . ASSIGNOP Exp
   45    | Exp . AND Exp
   46    | Exp . OR Exp
   47    | Exp . RELOP Exp
   48    | Exp . PLUS Exp
   49    | Exp . MINUS Exp
   50    | Exp . STAR Exp
   50    | Exp STAR Exp .
   51    | Exp . DIV Exp
   57    | Exp . LB Exp RB
   58    | Exp . DOT ID
   63    | Exp . LB error RB

    $default  reduce using rule 50 (Exp)


State 111

   44 Exp: Exp . ASSIGNOP Exp
   45    | Exp . AND Exp
   46    | Exp . OR Exp
   47    | Exp . RELOP Exp
   48    | Exp . PLUS Exp
   49    | Exp . MINUS Exp
   50    | Exp . STAR Exp
   51    | Exp . DIV Exp
   51    | Exp DIV Exp .
   57    | Exp . LB Exp RB
   58    | Exp . DOT ID
   63    | Exp . LB error RB

    $default  reduce using rule 51 (Exp)


State 112

   44 Exp: Exp . ASSIGNOP Exp
   45    | Exp . AND Exp
   45    | Exp AND Exp .
   46    | Exp . OR Exp
   47    | Exp . RELOP Exp
   48    | Exp . PLUS Exp
   49    | Exp . MINUS Exp
   50    | Exp . STAR Exp
   51    | Exp . DIV Exp
   57    | Exp . LB Exp RB
   58    | Exp . DOT ID
   63    | Exp . LB error RB

    $default  reduce using rule 45 (Exp)


State 113

   44 Exp: Exp . ASSIGNOP Exp
   45    | Exp . AND Exp
   46    | Exp . OR Exp
   46    | Exp OR Exp .
   47    | Exp . RELOP Exp
   48    | Exp . PLUS Exp
   49    | Exp . MINUS Exp
   50    | Exp . STAR Exp
   51    | Exp . DIV Exp
   57    | Exp . LB Exp RB
   58    | Exp . DOT ID
   63    | Exp . LB error RB

    $default  reduce using rule 46 (Exp)


State 114

   58 Exp: Exp DOT ID .

    $default  reduce using rule 58 (Exp)


State 115

   63 Exp: Exp LB error . RB
   64    | error . DOT ID

    DOT  shift, and go to state 71
    RB   shift, and go to state 121


State 116

   44 Exp: Exp . ASSIGNOP Exp
   45    | Exp . AND Exp
   46    | Exp . OR Exp
   47    | Exp . RELOP Exp
   48    | Exp . PLUS Exp
   49    | Exp . MINUS Exp
   50    | Exp . STAR Exp
   51    | Exp . DIV Exp
   57    | Exp . LB Exp RB
   57    | Exp LB Exp . RB
   58    | Exp . DOT ID
   63    | Exp . LB error RB

    ASSIGNOP  shift, and go to state 84
    RELOP     shift, and go to state 85
    PLUS      shift, and go to state 86
    MINUS     shift, and go to state 87
    STAR      shift, and go to state 88
    DIV       shift, and go to state 89
    AND       shift, and go to state 90
    OR        shift, and go to state 91
    DOT       shift, and go to state 92
    LB        shift, and go to state 93
    RB        shift, and go to state 122


State 117

   65 Args: Exp COMMA . Args

    error  shift, and go to state 73
    INT    shift, and go to state 51
    FLOAT  shift, and go to state 52
    ID     shift, and go to state 53
    MINUS  shift, and go to state 54
    NOT    shift, and go to state 55
    LP     shift, and go to state 56

    Exp   go to state 99
    Args  go to state 123


State 118

   55 Exp: ID LP Args RP .

    $default  reduce using rule 55 (Exp)


State 119

   31 Stmt: IF LP Exp RP . Stmt
   32     | IF LP Exp RP . Stmt ELSE Stmt

    error   shift, and go to state 50
    INT     shift, and go to state 51
    FLOAT   shift, and go to state 52
    ID      shift, and go to state 53
    MINUS   shift, and go to state 54
    NOT     shift, and go to state 55
    LP      shift, and go to state 56
    LC      shift, and go to state 27
    RETURN  shift, and go to state 57
    IF      shift, and go to state 58
    WHILE   shift, and go to state 59

    CompSt  go to state 60
    Stmt    go to state 124
    Exp     go to state 63


State 120

   33 Stmt: WHILE LP Exp RP . Stmt

    error   shift, and go to state 50
    INT     shift, and go to state 51
    FLOAT   shift, and go to state 52
    ID      shift, and go to state 53
    MINUS   shift, and go to state 54
    NOT     shift, and go to state 55
    LP      shift, and go to state 56
    LC      shift, and go to state 27
    RETURN  shift, and go to state 57
    IF      shift, and go to state 58
    WHILE   shift, and go to state 59

    CompSt  go to state 60
    Stmt    go to state 125
    Exp     go to state 63


State 121

   63 Exp: Exp LB error RB .

    $default  reduce using rule 63 (Exp)


State 122

   57 Exp: Exp LB Exp RB .

    $default  reduce using rule 57 (Exp)


State 123

   65 Args: Exp COMMA Args .

    $default  reduce using rule 65 (Args)


State 124

   31 Stmt: IF LP Exp RP Stmt .
   32     | IF LP Exp RP Stmt . ELSE Stmt

    ELSE  shift, and go to state 126

    $default  reduce using rule 31 (Stmt)


State 125

   33 Stmt: WHILE LP Exp RP Stmt .

    $default  reduce using rule 33 (Stmt)


State 126

   32 Stmt: IF LP Exp RP Stmt ELSE . Stmt

    error   shift, and go to state 50
    INT     shift, and go to state 51
    FLOAT   shift, and go to state 52
    ID      shift, and go to state 53
    MINUS   shift, and go to state 54
    NOT     shift, and go to state 55
    LP      shift, and go to state 56
    LC      shift, and go to state 27
    RETURN  shift, and go to state 57
    IF      shift, and go to state 58
    WHILE   shift, and go to state 59

    CompSt  go to state 60
    Stmt    go to state 127
    Exp     go to state 63


State 127

   32 Stmt: IF LP Exp RP Stmt ELSE Stmt .

    $default  reduce using rule 32 (Stmt)
